2017-12-25 14:45:37 [INFO ]-[org.springframework.test.context.support.DefaultTestContextBootstrapper] Loaded default TestExecutionListener class names from location [META-INF/spring.factories]: [org.springframework.test.context.web.ServletTestExecutionListener, org.springframework.test.context.support.DirtiesContextBeforeModesTestExecutionListener, org.springframework.test.context.support.DependencyInjectionTestExecutionListener, org.springframework.test.context.support.DirtiesContextTestExecutionListener, org.springframework.test.context.transaction.TransactionalTestExecutionListener, org.springframework.test.context.jdbc.SqlScriptsTestExecutionListener]
2017-12-25 14:45:37 [INFO ]-[org.springframework.test.context.support.DefaultTestContextBootstrapper] Using TestExecutionListeners: [org.springframework.test.context.web.ServletTestExecutionListener@53b32d7, org.springframework.test.context.support.DirtiesContextBeforeModesTestExecutionListener@5442a311, org.springframework.test.context.support.DependencyInjectionTestExecutionListener@548e7350, org.springframework.test.context.support.DirtiesContextTestExecutionListener@1a968a59, org.springframework.test.context.transaction.TransactionalTestExecutionListener@4667ae56, org.springframework.test.context.jdbc.SqlScriptsTestExecutionListener@77cd7a0]
2017-12-25 14:45:37 [INFO ]-[org.springframework.beans.factory.xml.XmlBeanDefinitionReader] Loading XML bean definitions from class path resource [spring-mybatis.xml]
2017-12-25 14:45:37 [ERROR]-[org.springframework.test.context.TestContextManager] Caught exception while allowing TestExecutionListener [org.springframework.test.context.support.DependencyInjectionTestExecutionListener@548e7350] to prepare test instance [org.zsl.testmybatis.TestMyBatis@27fe3806]
java.lang.IllegalStateException: Failed to load ApplicationContext
	at org.springframework.test.context.cache.DefaultCacheAwareContextLoaderDelegate.loadContext(DefaultCacheAwareContextLoaderDelegate.java:124)
	at org.springframework.test.context.support.DefaultTestContext.getApplicationContext(DefaultTestContext.java:83)
	at org.springframework.test.context.support.DependencyInjectionTestExecutionListener.injectDependencies(DependencyInjectionTestExecutionListener.java:117)
	at org.springframework.test.context.support.DependencyInjectionTestExecutionListener.prepareTestInstance(DependencyInjectionTestExecutionListener.java:83)
	at org.springframework.test.context.TestContextManager.prepareTestInstance(TestContextManager.java:228)
	at org.springframework.test.context.junit4.SpringJUnit4ClassRunner.createTest(SpringJUnit4ClassRunner.java:230)
	at org.springframework.test.context.junit4.SpringJUnit4ClassRunner$1.runReflectiveCall(SpringJUnit4ClassRunner.java:289)
	at org.junit.internal.runners.model.ReflectiveCallable.run(ReflectiveCallable.java:12)
	at org.springframework.test.context.junit4.SpringJUnit4ClassRunner.methodBlock(SpringJUnit4ClassRunner.java:291)
	at org.springframework.test.context.junit4.SpringJUnit4ClassRunner.runChild(SpringJUnit4ClassRunner.java:249)
	at org.springframework.test.context.junit4.SpringJUnit4ClassRunner.runChild(SpringJUnit4ClassRunner.java:89)
	at org.junit.runners.ParentRunner$3.run(ParentRunner.java:290)
	at org.junit.runners.ParentRunner$1.schedule(ParentRunner.java:71)
	at org.junit.runners.ParentRunner.runChildren(ParentRunner.java:288)
	at org.junit.runners.ParentRunner.access$000(ParentRunner.java:58)
	at org.junit.runners.ParentRunner$2.evaluate(ParentRunner.java:268)
	at org.springframework.test.context.junit4.statements.RunBeforeTestClassCallbacks.evaluate(RunBeforeTestClassCallbacks.java:61)
	at org.springframework.test.context.junit4.statements.RunAfterTestClassCallbacks.evaluate(RunAfterTestClassCallbacks.java:70)
	at org.junit.runners.ParentRunner.run(ParentRunner.java:363)
	at org.springframework.test.context.junit4.SpringJUnit4ClassRunner.run(SpringJUnit4ClassRunner.java:193)
	at org.eclipse.jdt.internal.junit4.runner.JUnit4TestReference.run(JUnit4TestReference.java:50)
	at org.eclipse.jdt.internal.junit.runner.TestExecution.run(TestExecution.java:38)
	at org.eclipse.jdt.internal.junit.runner.RemoteTestRunner.runTests(RemoteTestRunner.java:459)
	at org.eclipse.jdt.internal.junit.runner.RemoteTestRunner.runTests(RemoteTestRunner.java:675)
	at org.eclipse.jdt.internal.junit.runner.RemoteTestRunner.run(RemoteTestRunner.java:382)
	at org.eclipse.jdt.internal.junit.runner.RemoteTestRunner.main(RemoteTestRunner.java:192)
Caused by: org.springframework.beans.factory.xml.XmlBeanDefinitionStoreException: Line 54 in XML document from class path resource [spring-mybatis.xml] is invalid; nested exception is org.xml.sax.SAXParseException; lineNumber: 54; columnNumber: 3; 元素类型 "beans" 必须由匹配的结束标记 "</beans>" 终止。
	at org.springframework.beans.factory.xml.XmlBeanDefinitionReader.doLoadBeanDefinitions(XmlBeanDefinitionReader.java:399)
	at org.springframework.beans.factory.xml.XmlBeanDefinitionReader.loadBeanDefinitions(XmlBeanDefinitionReader.java:336)
	at org.springframework.beans.factory.xml.XmlBeanDefinitionReader.loadBeanDefinitions(XmlBeanDefinitionReader.java:304)
	at org.springframework.beans.factory.support.AbstractBeanDefinitionReader.loadBeanDefinitions(AbstractBeanDefinitionReader.java:181)
	at org.springframework.beans.factory.support.AbstractBeanDefinitionReader.loadBeanDefinitions(AbstractBeanDefinitionReader.java:217)
	at org.springframework.beans.factory.support.AbstractBeanDefinitionReader.loadBeanDefinitions(AbstractBeanDefinitionReader.java:188)
	at org.springframework.beans.factory.support.AbstractBeanDefinitionReader.loadBeanDefinitions(AbstractBeanDefinitionReader.java:252)
	at org.springframework.test.context.support.AbstractGenericContextLoader.loadBeanDefinitions(AbstractGenericContextLoader.java:253)
	at org.springframework.test.context.support.AbstractGenericContextLoader.loadContext(AbstractGenericContextLoader.java:122)
	at org.springframework.test.context.support.AbstractGenericContextLoader.loadContext(AbstractGenericContextLoader.java:60)
	at org.springframework.test.context.support.AbstractDelegatingSmartContextLoader.delegateLoading(AbstractDelegatingSmartContextLoader.java:109)
	at org.springframework.test.context.support.AbstractDelegatingSmartContextLoader.loadContext(AbstractDelegatingSmartContextLoader.java:261)
	at org.springframework.test.context.cache.DefaultCacheAwareContextLoaderDelegate.loadContextInternal(DefaultCacheAwareContextLoaderDelegate.java:98)
	at org.springframework.test.context.cache.DefaultCacheAwareContextLoaderDelegate.loadContext(DefaultCacheAwareContextLoaderDelegate.java:116)
	... 25 more
Caused by: org.xml.sax.SAXParseException; lineNumber: 54; columnNumber: 3; 元素类型 "beans" 必须由匹配的结束标记 "</beans>" 终止。
	at com.sun.org.apache.xerces.internal.util.ErrorHandlerWrapper.createSAXParseException(Unknown Source)
	at com.sun.org.apache.xerces.internal.util.ErrorHandlerWrapper.fatalError(Unknown Source)
	at com.sun.org.apache.xerces.internal.impl.XMLErrorReporter.reportError(Unknown Source)
	at com.sun.org.apache.xerces.internal.impl.XMLErrorReporter.reportError(Unknown Source)
	at com.sun.org.apache.xerces.internal.impl.XMLScanner.reportFatalError(Unknown Source)
	at com.sun.org.apache.xerces.internal.impl.XMLDocumentFragmentScannerImpl.scanEndElement(Unknown Source)
	at com.sun.org.apache.xerces.internal.impl.XMLDocumentFragmentScannerImpl$FragmentContentDriver.next(Unknown Source)
	at com.sun.org.apache.xerces.internal.impl.XMLDocumentScannerImpl.next(Unknown Source)
	at com.sun.org.apache.xerces.internal.impl.XMLNSDocumentScannerImpl.next(Unknown Source)
	at com.sun.org.apache.xerces.internal.impl.XMLDocumentFragmentScannerImpl.scanDocument(Unknown Source)
	at com.sun.org.apache.xerces.internal.parsers.XML11Configuration.parse(Unknown Source)
	at com.sun.org.apache.xerces.internal.parsers.XML11Configuration.parse(Unknown Source)
	at com.sun.org.apache.xerces.internal.parsers.XMLParser.parse(Unknown Source)
	at com.sun.org.apache.xerces.internal.parsers.DOMParser.parse(Unknown Source)
	at com.sun.org.apache.xerces.internal.jaxp.DocumentBuilderImpl.parse(Unknown Source)
	at org.springframework.beans.factory.xml.DefaultDocumentLoader.loadDocument(DefaultDocumentLoader.java:76)
	at org.springframework.beans.factory.xml.XmlBeanDefinitionReader.doLoadDocument(XmlBeanDefinitionReader.java:429)
	at org.springframework.beans.factory.xml.XmlBeanDefinitionReader.doLoadBeanDefinitions(XmlBeanDefinitionReader.java:391)
	... 38 more
2017-12-25 14:46:21 [INFO ]-[org.springframework.test.context.support.DefaultTestContextBootstrapper] Loaded default TestExecutionListener class names from location [META-INF/spring.factories]: [org.springframework.test.context.web.ServletTestExecutionListener, org.springframework.test.context.support.DirtiesContextBeforeModesTestExecutionListener, org.springframework.test.context.support.DependencyInjectionTestExecutionListener, org.springframework.test.context.support.DirtiesContextTestExecutionListener, org.springframework.test.context.transaction.TransactionalTestExecutionListener, org.springframework.test.context.jdbc.SqlScriptsTestExecutionListener]
2017-12-25 14:46:21 [INFO ]-[org.springframework.test.context.support.DefaultTestContextBootstrapper] Using TestExecutionListeners: [org.springframework.test.context.web.ServletTestExecutionListener@53b32d7, org.springframework.test.context.support.DirtiesContextBeforeModesTestExecutionListener@5442a311, org.springframework.test.context.support.DependencyInjectionTestExecutionListener@548e7350, org.springframework.test.context.support.DirtiesContextTestExecutionListener@1a968a59, org.springframework.test.context.transaction.TransactionalTestExecutionListener@4667ae56, org.springframework.test.context.jdbc.SqlScriptsTestExecutionListener@77cd7a0]
2017-12-25 14:46:21 [INFO ]-[org.springframework.beans.factory.xml.XmlBeanDefinitionReader] Loading XML bean definitions from class path resource [spring-mybatis.xml]
2017-12-25 14:46:21 [INFO ]-[org.springframework.context.support.GenericApplicationContext] Refreshing org.springframework.context.support.GenericApplicationContext@63753b6d: startup date [Mon Dec 25 14:46:21 CST 2017]; root of context hierarchy
2017-12-25 14:46:21 [INFO ]-[org.springframework.beans.factory.config.PropertyPlaceholderConfigurer] Loading properties file from class path resource [app-config.properties]
2017-12-25 14:46:21 [INFO ]-[org.springframework.beans.factory.annotation.AutowiredAnnotationBeanPostProcessor] JSR-330 'javax.inject.Inject' annotation found and supported for autowiring
2017-12-25 14:46:22 [INFO ]-[com.alibaba.druid.pool.DruidDataSource] {dataSource-1} inited
2017-12-25 14:46:22 [INFO ]-[org.springframework.context.support.GenericApplicationContext] Closing org.springframework.context.support.GenericApplicationContext@63753b6d: startup date [Mon Dec 25 14:46:21 CST 2017]; root of context hierarchy
2017-12-25 14:46:22 [INFO ]-[com.alibaba.druid.pool.DruidDataSource] {dataSource-1} closed
2017-12-25 14:46:58 [INFO ]-[org.springframework.test.context.support.DefaultTestContextBootstrapper] Loaded default TestExecutionListener class names from location [META-INF/spring.factories]: [org.springframework.test.context.web.ServletTestExecutionListener, org.springframework.test.context.support.DirtiesContextBeforeModesTestExecutionListener, org.springframework.test.context.support.DependencyInjectionTestExecutionListener, org.springframework.test.context.support.DirtiesContextTestExecutionListener, org.springframework.test.context.transaction.TransactionalTestExecutionListener, org.springframework.test.context.jdbc.SqlScriptsTestExecutionListener]
2017-12-25 14:46:58 [INFO ]-[org.springframework.test.context.support.DefaultTestContextBootstrapper] Using TestExecutionListeners: [org.springframework.test.context.web.ServletTestExecutionListener@53b32d7, org.springframework.test.context.support.DirtiesContextBeforeModesTestExecutionListener@5442a311, org.springframework.test.context.support.DependencyInjectionTestExecutionListener@548e7350, org.springframework.test.context.support.DirtiesContextTestExecutionListener@1a968a59, org.springframework.test.context.transaction.TransactionalTestExecutionListener@4667ae56, org.springframework.test.context.jdbc.SqlScriptsTestExecutionListener@77cd7a0]
2017-12-25 14:46:58 [INFO ]-[org.springframework.beans.factory.xml.XmlBeanDefinitionReader] Loading XML bean definitions from class path resource [spring-mybatis.xml]
2017-12-25 14:46:58 [INFO ]-[org.springframework.context.support.GenericApplicationContext] Refreshing org.springframework.context.support.GenericApplicationContext@63753b6d: startup date [Mon Dec 25 14:46:58 CST 2017]; root of context hierarchy
2017-12-25 14:46:58 [INFO ]-[org.springframework.beans.factory.config.PropertyPlaceholderConfigurer] Loading properties file from class path resource [app-config.properties]
2017-12-25 14:46:58 [INFO ]-[org.springframework.beans.factory.annotation.AutowiredAnnotationBeanPostProcessor] JSR-330 'javax.inject.Inject' annotation found and supported for autowiring
2017-12-25 14:46:58 [INFO ]-[com.alibaba.druid.pool.DruidDataSource] {dataSource-1} inited
2017-12-25 14:46:59 [INFO ]-[org.springframework.context.support.GenericApplicationContext] Closing org.springframework.context.support.GenericApplicationContext@63753b6d: startup date [Mon Dec 25 14:46:58 CST 2017]; root of context hierarchy
2017-12-25 14:46:59 [INFO ]-[com.alibaba.druid.pool.DruidDataSource] {dataSource-1} closed
2017-12-25 14:47:20 [INFO ]-[org.springframework.test.context.support.DefaultTestContextBootstrapper] Loaded default TestExecutionListener class names from location [META-INF/spring.factories]: [org.springframework.test.context.web.ServletTestExecutionListener, org.springframework.test.context.support.DirtiesContextBeforeModesTestExecutionListener, org.springframework.test.context.support.DependencyInjectionTestExecutionListener, org.springframework.test.context.support.DirtiesContextTestExecutionListener, org.springframework.test.context.transaction.TransactionalTestExecutionListener, org.springframework.test.context.jdbc.SqlScriptsTestExecutionListener]
2017-12-25 14:47:20 [INFO ]-[org.springframework.test.context.support.DefaultTestContextBootstrapper] Using TestExecutionListeners: [org.springframework.test.context.web.ServletTestExecutionListener@53b32d7, org.springframework.test.context.support.DirtiesContextBeforeModesTestExecutionListener@5442a311, org.springframework.test.context.support.DependencyInjectionTestExecutionListener@548e7350, org.springframework.test.context.support.DirtiesContextTestExecutionListener@1a968a59, org.springframework.test.context.transaction.TransactionalTestExecutionListener@4667ae56, org.springframework.test.context.jdbc.SqlScriptsTestExecutionListener@77cd7a0]
2017-12-25 14:47:20 [INFO ]-[org.springframework.beans.factory.xml.XmlBeanDefinitionReader] Loading XML bean definitions from class path resource [spring-mybatis.xml]
2017-12-25 14:47:20 [INFO ]-[org.springframework.context.support.GenericApplicationContext] Refreshing org.springframework.context.support.GenericApplicationContext@63753b6d: startup date [Mon Dec 25 14:47:20 CST 2017]; root of context hierarchy
2017-12-25 14:47:20 [INFO ]-[org.springframework.beans.factory.config.PropertyPlaceholderConfigurer] Loading properties file from class path resource [app-config.properties]
2017-12-25 14:47:20 [INFO ]-[org.springframework.beans.factory.annotation.AutowiredAnnotationBeanPostProcessor] JSR-330 'javax.inject.Inject' annotation found and supported for autowiring
2017-12-25 14:47:21 [INFO ]-[com.alibaba.druid.pool.DruidDataSource] {dataSource-1} inited
2017-12-25 14:47:21 [INFO ]-[org.springframework.context.support.GenericApplicationContext] Closing org.springframework.context.support.GenericApplicationContext@63753b6d: startup date [Mon Dec 25 14:47:20 CST 2017]; root of context hierarchy
2017-12-25 14:47:21 [INFO ]-[com.alibaba.druid.pool.DruidDataSource] {dataSource-1} closed
2017-12-25 14:57:43 [INFO ]-[org.springframework.test.context.support.DefaultTestContextBootstrapper] Loaded default TestExecutionListener class names from location [META-INF/spring.factories]: [org.springframework.test.context.web.ServletTestExecutionListener, org.springframework.test.context.support.DirtiesContextBeforeModesTestExecutionListener, org.springframework.test.context.support.DependencyInjectionTestExecutionListener, org.springframework.test.context.support.DirtiesContextTestExecutionListener, org.springframework.test.context.transaction.TransactionalTestExecutionListener, org.springframework.test.context.jdbc.SqlScriptsTestExecutionListener]
2017-12-25 14:57:43 [INFO ]-[org.springframework.test.context.support.DefaultTestContextBootstrapper] Using TestExecutionListeners: [org.springframework.test.context.web.ServletTestExecutionListener@53b32d7, org.springframework.test.context.support.DirtiesContextBeforeModesTestExecutionListener@5442a311, org.springframework.test.context.support.DependencyInjectionTestExecutionListener@548e7350, org.springframework.test.context.support.DirtiesContextTestExecutionListener@1a968a59, org.springframework.test.context.transaction.TransactionalTestExecutionListener@4667ae56, org.springframework.test.context.jdbc.SqlScriptsTestExecutionListener@77cd7a0]
2017-12-25 14:57:43 [INFO ]-[org.springframework.beans.factory.xml.XmlBeanDefinitionReader] Loading XML bean definitions from class path resource [spring-mybatis.xml]
2017-12-25 14:57:43 [INFO ]-[org.springframework.context.support.GenericApplicationContext] Refreshing org.springframework.context.support.GenericApplicationContext@63753b6d: startup date [Mon Dec 25 14:57:43 CST 2017]; root of context hierarchy
2017-12-25 14:57:43 [INFO ]-[org.springframework.beans.factory.config.PropertyPlaceholderConfigurer] Loading properties file from class path resource [app-config.properties]
2017-12-25 14:57:43 [INFO ]-[org.springframework.beans.factory.annotation.AutowiredAnnotationBeanPostProcessor] JSR-330 'javax.inject.Inject' annotation found and supported for autowiring
2017-12-25 14:57:43 [INFO ]-[com.alibaba.druid.pool.DruidDataSource] {dataSource-1} inited
2017-12-25 14:57:43 [INFO ]-[org.springframework.context.support.GenericApplicationContext] Closing org.springframework.context.support.GenericApplicationContext@63753b6d: startup date [Mon Dec 25 14:57:43 CST 2017]; root of context hierarchy
2017-12-25 14:57:43 [INFO ]-[com.alibaba.druid.pool.DruidDataSource] {dataSource-1} closed
2017-12-25 15:07:31 [INFO ]-[org.springframework.test.context.support.DefaultTestContextBootstrapper] Loaded default TestExecutionListener class names from location [META-INF/spring.factories]: [org.springframework.test.context.web.ServletTestExecutionListener, org.springframework.test.context.support.DirtiesContextBeforeModesTestExecutionListener, org.springframework.test.context.support.DependencyInjectionTestExecutionListener, org.springframework.test.context.support.DirtiesContextTestExecutionListener, org.springframework.test.context.transaction.TransactionalTestExecutionListener, org.springframework.test.context.jdbc.SqlScriptsTestExecutionListener]
2017-12-25 15:07:31 [INFO ]-[org.springframework.test.context.support.DefaultTestContextBootstrapper] Using TestExecutionListeners: [org.springframework.test.context.web.ServletTestExecutionListener@53b32d7, org.springframework.test.context.support.DirtiesContextBeforeModesTestExecutionListener@5442a311, org.springframework.test.context.support.DependencyInjectionTestExecutionListener@548e7350, org.springframework.test.context.support.DirtiesContextTestExecutionListener@1a968a59, org.springframework.test.context.transaction.TransactionalTestExecutionListener@4667ae56, org.springframework.test.context.jdbc.SqlScriptsTestExecutionListener@77cd7a0]
2017-12-25 15:07:32 [INFO ]-[org.springframework.beans.factory.xml.XmlBeanDefinitionReader] Loading XML bean definitions from class path resource [spring-mybatis.xml]
2017-12-25 15:07:32 [INFO ]-[org.springframework.context.support.GenericApplicationContext] Refreshing org.springframework.context.support.GenericApplicationContext@63753b6d: startup date [Mon Dec 25 15:07:32 CST 2017]; root of context hierarchy
2017-12-25 15:07:32 [INFO ]-[org.springframework.beans.factory.config.PropertyPlaceholderConfigurer] Loading properties file from class path resource [app-config.properties]
2017-12-25 15:07:32 [INFO ]-[org.springframework.beans.factory.annotation.AutowiredAnnotationBeanPostProcessor] JSR-330 'javax.inject.Inject' annotation found and supported for autowiring
2017-12-25 15:07:32 [INFO ]-[com.alibaba.druid.pool.DruidDataSource] {dataSource-1} inited
2017-12-25 15:07:32 [INFO ]-[org.springframework.context.support.GenericApplicationContext] Closing org.springframework.context.support.GenericApplicationContext@63753b6d: startup date [Mon Dec 25 15:07:32 CST 2017]; root of context hierarchy
2017-12-25 15:07:32 [INFO ]-[com.alibaba.druid.pool.DruidDataSource] {dataSource-1} closed
2017-12-25 15:08:49 [INFO ]-[org.springframework.test.context.support.DefaultTestContextBootstrapper] Loaded default TestExecutionListener class names from location [META-INF/spring.factories]: [org.springframework.test.context.web.ServletTestExecutionListener, org.springframework.test.context.support.DirtiesContextBeforeModesTestExecutionListener, org.springframework.test.context.support.DependencyInjectionTestExecutionListener, org.springframework.test.context.support.DirtiesContextTestExecutionListener, org.springframework.test.context.transaction.TransactionalTestExecutionListener, org.springframework.test.context.jdbc.SqlScriptsTestExecutionListener]
2017-12-25 15:08:49 [INFO ]-[org.springframework.test.context.support.DefaultTestContextBootstrapper] Using TestExecutionListeners: [org.springframework.test.context.web.ServletTestExecutionListener@4e91d63f, org.springframework.test.context.support.DirtiesContextBeforeModesTestExecutionListener@d4342c2, org.springframework.test.context.support.DependencyInjectionTestExecutionListener@2bbf180e, org.springframework.test.context.support.DirtiesContextTestExecutionListener@163e4e87, org.springframework.test.context.transaction.TransactionalTestExecutionListener@56de5251, org.springframework.test.context.jdbc.SqlScriptsTestExecutionListener@419c5f1a]
2017-12-25 15:08:49 [INFO ]-[org.springframework.beans.factory.xml.XmlBeanDefinitionReader] Loading XML bean definitions from class path resource [spring-mybatis.xml]
2017-12-25 15:08:49 [INFO ]-[org.springframework.context.support.GenericApplicationContext] Refreshing org.springframework.context.support.GenericApplicationContext@3daa422a: startup date [Mon Dec 25 15:08:49 CST 2017]; root of context hierarchy
2017-12-25 15:08:50 [INFO ]-[org.springframework.beans.factory.config.PropertyPlaceholderConfigurer] Loading properties file from class path resource [app-config.properties]
2017-12-25 15:08:50 [INFO ]-[org.springframework.beans.factory.annotation.AutowiredAnnotationBeanPostProcessor] JSR-330 'javax.inject.Inject' annotation found and supported for autowiring
2017-12-25 15:08:50 [INFO ]-[com.alibaba.druid.pool.DruidDataSource] {dataSource-1} inited
2017-12-25 15:09:23 [INFO ]-[org.springframework.context.support.GenericApplicationContext] Closing org.springframework.context.support.GenericApplicationContext@3daa422a: startup date [Mon Dec 25 15:08:49 CST 2017]; root of context hierarchy
2017-12-25 15:09:23 [INFO ]-[com.alibaba.druid.pool.DruidDataSource] {dataSource-1} closed
2017-12-25 15:10:11 [INFO ]-[org.springframework.test.context.support.DefaultTestContextBootstrapper] Loaded default TestExecutionListener class names from location [META-INF/spring.factories]: [org.springframework.test.context.web.ServletTestExecutionListener, org.springframework.test.context.support.DirtiesContextBeforeModesTestExecutionListener, org.springframework.test.context.support.DependencyInjectionTestExecutionListener, org.springframework.test.context.support.DirtiesContextTestExecutionListener, org.springframework.test.context.transaction.TransactionalTestExecutionListener, org.springframework.test.context.jdbc.SqlScriptsTestExecutionListener]
2017-12-25 15:10:11 [INFO ]-[org.springframework.test.context.support.DefaultTestContextBootstrapper] Using TestExecutionListeners: [org.springframework.test.context.web.ServletTestExecutionListener@4e91d63f, org.springframework.test.context.support.DirtiesContextBeforeModesTestExecutionListener@d4342c2, org.springframework.test.context.support.DependencyInjectionTestExecutionListener@2bbf180e, org.springframework.test.context.support.DirtiesContextTestExecutionListener@163e4e87, org.springframework.test.context.transaction.TransactionalTestExecutionListener@56de5251, org.springframework.test.context.jdbc.SqlScriptsTestExecutionListener@419c5f1a]
2017-12-25 15:10:11 [INFO ]-[org.springframework.beans.factory.xml.XmlBeanDefinitionReader] Loading XML bean definitions from class path resource [spring-mybatis.xml]
2017-12-25 15:10:11 [INFO ]-[org.springframework.context.support.GenericApplicationContext] Refreshing org.springframework.context.support.GenericApplicationContext@3daa422a: startup date [Mon Dec 25 15:10:11 CST 2017]; root of context hierarchy
2017-12-25 15:10:11 [INFO ]-[org.springframework.beans.factory.config.PropertyPlaceholderConfigurer] Loading properties file from class path resource [app-config.properties]
2017-12-25 15:10:11 [INFO ]-[org.springframework.beans.factory.annotation.AutowiredAnnotationBeanPostProcessor] JSR-330 'javax.inject.Inject' annotation found and supported for autowiring
2017-12-25 15:10:11 [INFO ]-[com.alibaba.druid.pool.DruidDataSource] {dataSource-1} inited
2017-12-25 15:10:54 [INFO ]-[org.springframework.context.support.GenericApplicationContext] Closing org.springframework.context.support.GenericApplicationContext@3daa422a: startup date [Mon Dec 25 15:10:11 CST 2017]; root of context hierarchy
2017-12-25 15:10:54 [INFO ]-[com.alibaba.druid.pool.DruidDataSource] {dataSource-1} closed
2017-12-25 15:17:41 [INFO ]-[org.springframework.test.context.support.DefaultTestContextBootstrapper] Loaded default TestExecutionListener class names from location [META-INF/spring.factories]: [org.springframework.test.context.web.ServletTestExecutionListener, org.springframework.test.context.support.DirtiesContextBeforeModesTestExecutionListener, org.springframework.test.context.support.DependencyInjectionTestExecutionListener, org.springframework.test.context.support.DirtiesContextTestExecutionListener, org.springframework.test.context.transaction.TransactionalTestExecutionListener, org.springframework.test.context.jdbc.SqlScriptsTestExecutionListener]
2017-12-25 15:17:41 [INFO ]-[org.springframework.test.context.support.DefaultTestContextBootstrapper] Using TestExecutionListeners: [org.springframework.test.context.web.ServletTestExecutionListener@57baeedf, org.springframework.test.context.support.DirtiesContextBeforeModesTestExecutionListener@343f4d3d, org.springframework.test.context.support.DependencyInjectionTestExecutionListener@53b32d7, org.springframework.test.context.support.DirtiesContextTestExecutionListener@5442a311, org.springframework.test.context.transaction.TransactionalTestExecutionListener@548e7350, org.springframework.test.context.jdbc.SqlScriptsTestExecutionListener@1a968a59]
2017-12-25 15:17:42 [INFO ]-[org.springframework.beans.factory.xml.XmlBeanDefinitionReader] Loading XML bean definitions from class path resource [spring-mybatis.xml]
2017-12-25 15:17:42 [INFO ]-[org.springframework.context.support.GenericApplicationContext] Refreshing org.springframework.context.support.GenericApplicationContext@370736d9: startup date [Mon Dec 25 15:17:42 CST 2017]; root of context hierarchy
2017-12-25 15:17:42 [INFO ]-[org.springframework.beans.factory.config.PropertyPlaceholderConfigurer] Loading properties file from class path resource [app-config.properties]
2017-12-25 15:17:42 [INFO ]-[org.springframework.beans.factory.annotation.AutowiredAnnotationBeanPostProcessor] JSR-330 'javax.inject.Inject' annotation found and supported for autowiring
2017-12-25 15:17:42 [INFO ]-[com.alibaba.druid.pool.DruidDataSource] {dataSource-1} inited
2017-12-25 15:17:42 [INFO ]-[org.springframework.context.support.GenericApplicationContext] Closing org.springframework.context.support.GenericApplicationContext@370736d9: startup date [Mon Dec 25 15:17:42 CST 2017]; root of context hierarchy
2017-12-25 15:17:42 [INFO ]-[com.alibaba.druid.pool.DruidDataSource] {dataSource-1} closed
2017-12-25 15:24:30 [INFO ]-[org.springframework.test.context.support.DefaultTestContextBootstrapper] Loaded default TestExecutionListener class names from location [META-INF/spring.factories]: [org.springframework.test.context.web.ServletTestExecutionListener, org.springframework.test.context.support.DirtiesContextBeforeModesTestExecutionListener, org.springframework.test.context.support.DependencyInjectionTestExecutionListener, org.springframework.test.context.support.DirtiesContextTestExecutionListener, org.springframework.test.context.transaction.TransactionalTestExecutionListener, org.springframework.test.context.jdbc.SqlScriptsTestExecutionListener]
2017-12-25 15:24:30 [INFO ]-[org.springframework.test.context.support.DefaultTestContextBootstrapper] Using TestExecutionListeners: [org.springframework.test.context.web.ServletTestExecutionListener@57baeedf, org.springframework.test.context.support.DirtiesContextBeforeModesTestExecutionListener@343f4d3d, org.springframework.test.context.support.DependencyInjectionTestExecutionListener@53b32d7, org.springframework.test.context.support.DirtiesContextTestExecutionListener@5442a311, org.springframework.test.context.transaction.TransactionalTestExecutionListener@548e7350, org.springframework.test.context.jdbc.SqlScriptsTestExecutionListener@1a968a59]
2017-12-25 15:24:30 [INFO ]-[org.springframework.beans.factory.xml.XmlBeanDefinitionReader] Loading XML bean definitions from class path resource [spring-mybatis.xml]
2017-12-25 15:24:30 [INFO ]-[org.springframework.context.support.GenericApplicationContext] Refreshing org.springframework.context.support.GenericApplicationContext@370736d9: startup date [Mon Dec 25 15:24:30 CST 2017]; root of context hierarchy
2017-12-25 15:24:30 [INFO ]-[org.springframework.beans.factory.config.PropertyPlaceholderConfigurer] Loading properties file from class path resource [app-config.properties]
2017-12-25 15:24:30 [INFO ]-[org.springframework.beans.factory.annotation.AutowiredAnnotationBeanPostProcessor] JSR-330 'javax.inject.Inject' annotation found and supported for autowiring
2017-12-25 15:24:31 [INFO ]-[com.alibaba.druid.pool.DruidDataSource] {dataSource-1} inited
2017-12-25 15:24:31 [INFO ]-[org.springframework.context.support.GenericApplicationContext] Closing org.springframework.context.support.GenericApplicationContext@370736d9: startup date [Mon Dec 25 15:24:30 CST 2017]; root of context hierarchy
2017-12-25 15:24:31 [INFO ]-[com.alibaba.druid.pool.DruidDataSource] {dataSource-1} closed
2017-12-25 15:25:42 [INFO ]-[org.springframework.test.context.support.DefaultTestContextBootstrapper] Loaded default TestExecutionListener class names from location [META-INF/spring.factories]: [org.springframework.test.context.web.ServletTestExecutionListener, org.springframework.test.context.support.DirtiesContextBeforeModesTestExecutionListener, org.springframework.test.context.support.DependencyInjectionTestExecutionListener, org.springframework.test.context.support.DirtiesContextTestExecutionListener, org.springframework.test.context.transaction.TransactionalTestExecutionListener, org.springframework.test.context.jdbc.SqlScriptsTestExecutionListener]
2017-12-25 15:25:42 [INFO ]-[org.springframework.test.context.support.DefaultTestContextBootstrapper] Using TestExecutionListeners: [org.springframework.test.context.web.ServletTestExecutionListener@57baeedf, org.springframework.test.context.support.DirtiesContextBeforeModesTestExecutionListener@343f4d3d, org.springframework.test.context.support.DependencyInjectionTestExecutionListener@53b32d7, org.springframework.test.context.support.DirtiesContextTestExecutionListener@5442a311, org.springframework.test.context.transaction.TransactionalTestExecutionListener@548e7350, org.springframework.test.context.jdbc.SqlScriptsTestExecutionListener@1a968a59]
2017-12-25 15:25:42 [INFO ]-[org.springframework.beans.factory.xml.XmlBeanDefinitionReader] Loading XML bean definitions from class path resource [spring-mybatis.xml]
2017-12-25 15:25:42 [INFO ]-[org.springframework.context.support.GenericApplicationContext] Refreshing org.springframework.context.support.GenericApplicationContext@370736d9: startup date [Mon Dec 25 15:25:42 CST 2017]; root of context hierarchy
2017-12-25 15:25:42 [INFO ]-[org.springframework.beans.factory.config.PropertyPlaceholderConfigurer] Loading properties file from class path resource [app-config.properties]
2017-12-25 15:25:42 [INFO ]-[org.springframework.beans.factory.annotation.AutowiredAnnotationBeanPostProcessor] JSR-330 'javax.inject.Inject' annotation found and supported for autowiring
2017-12-25 15:25:42 [INFO ]-[com.alibaba.druid.pool.DruidDataSource] {dataSource-1} inited
2017-12-25 15:25:43 [INFO ]-[org.springframework.context.support.GenericApplicationContext] Closing org.springframework.context.support.GenericApplicationContext@370736d9: startup date [Mon Dec 25 15:25:42 CST 2017]; root of context hierarchy
2017-12-25 15:25:43 [INFO ]-[com.alibaba.druid.pool.DruidDataSource] {dataSource-1} closed
2017-12-25 15:27:28 [INFO ]-[org.springframework.test.context.support.DefaultTestContextBootstrapper] Loaded default TestExecutionListener class names from location [META-INF/spring.factories]: [org.springframework.test.context.web.ServletTestExecutionListener, org.springframework.test.context.support.DirtiesContextBeforeModesTestExecutionListener, org.springframework.test.context.support.DependencyInjectionTestExecutionListener, org.springframework.test.context.support.DirtiesContextTestExecutionListener, org.springframework.test.context.transaction.TransactionalTestExecutionListener, org.springframework.test.context.jdbc.SqlScriptsTestExecutionListener]
2017-12-25 15:27:28 [INFO ]-[org.springframework.test.context.support.DefaultTestContextBootstrapper] Using TestExecutionListeners: [org.springframework.test.context.web.ServletTestExecutionListener@57baeedf, org.springframework.test.context.support.DirtiesContextBeforeModesTestExecutionListener@343f4d3d, org.springframework.test.context.support.DependencyInjectionTestExecutionListener@53b32d7, org.springframework.test.context.support.DirtiesContextTestExecutionListener@5442a311, org.springframework.test.context.transaction.TransactionalTestExecutionListener@548e7350, org.springframework.test.context.jdbc.SqlScriptsTestExecutionListener@1a968a59]
2017-12-25 15:27:28 [INFO ]-[org.springframework.beans.factory.xml.XmlBeanDefinitionReader] Loading XML bean definitions from class path resource [spring-mybatis.xml]
2017-12-25 15:27:28 [INFO ]-[org.springframework.context.support.GenericApplicationContext] Refreshing org.springframework.context.support.GenericApplicationContext@370736d9: startup date [Mon Dec 25 15:27:28 CST 2017]; root of context hierarchy
2017-12-25 15:27:29 [INFO ]-[org.springframework.beans.factory.config.PropertyPlaceholderConfigurer] Loading properties file from class path resource [app-config.properties]
2017-12-25 15:27:29 [INFO ]-[org.springframework.beans.factory.annotation.AutowiredAnnotationBeanPostProcessor] JSR-330 'javax.inject.Inject' annotation found and supported for autowiring
2017-12-25 15:27:29 [INFO ]-[com.alibaba.druid.pool.DruidDataSource] {dataSource-1} inited
2017-12-25 15:27:29 [INFO ]-[org.springframework.context.support.GenericApplicationContext] Closing org.springframework.context.support.GenericApplicationContext@370736d9: startup date [Mon Dec 25 15:27:28 CST 2017]; root of context hierarchy
2017-12-25 15:27:29 [INFO ]-[com.alibaba.druid.pool.DruidDataSource] {dataSource-1} closed
2017-12-25 15:28:13 [INFO ]-[org.springframework.test.context.support.DefaultTestContextBootstrapper] Loaded default TestExecutionListener class names from location [META-INF/spring.factories]: [org.springframework.test.context.web.ServletTestExecutionListener, org.springframework.test.context.support.DirtiesContextBeforeModesTestExecutionListener, org.springframework.test.context.support.DependencyInjectionTestExecutionListener, org.springframework.test.context.support.DirtiesContextTestExecutionListener, org.springframework.test.context.transaction.TransactionalTestExecutionListener, org.springframework.test.context.jdbc.SqlScriptsTestExecutionListener]
2017-12-25 15:28:13 [INFO ]-[org.springframework.test.context.support.DefaultTestContextBootstrapper] Using TestExecutionListeners: [org.springframework.test.context.web.ServletTestExecutionListener@57baeedf, org.springframework.test.context.support.DirtiesContextBeforeModesTestExecutionListener@343f4d3d, org.springframework.test.context.support.DependencyInjectionTestExecutionListener@53b32d7, org.springframework.test.context.support.DirtiesContextTestExecutionListener@5442a311, org.springframework.test.context.transaction.TransactionalTestExecutionListener@548e7350, org.springframework.test.context.jdbc.SqlScriptsTestExecutionListener@1a968a59]
2017-12-25 15:28:13 [INFO ]-[org.springframework.beans.factory.xml.XmlBeanDefinitionReader] Loading XML bean definitions from class path resource [spring-mybatis.xml]
2017-12-25 15:28:13 [INFO ]-[org.springframework.context.support.GenericApplicationContext] Refreshing org.springframework.context.support.GenericApplicationContext@370736d9: startup date [Mon Dec 25 15:28:13 CST 2017]; root of context hierarchy
2017-12-25 15:28:13 [INFO ]-[org.springframework.beans.factory.config.PropertyPlaceholderConfigurer] Loading properties file from class path resource [app-config.properties]
2017-12-25 15:28:13 [INFO ]-[org.springframework.beans.factory.annotation.AutowiredAnnotationBeanPostProcessor] JSR-330 'javax.inject.Inject' annotation found and supported for autowiring
2017-12-25 15:28:14 [INFO ]-[com.alibaba.druid.pool.DruidDataSource] {dataSource-1} inited
2017-12-25 15:28:14 [INFO ]-[org.springframework.context.support.GenericApplicationContext] Closing org.springframework.context.support.GenericApplicationContext@370736d9: startup date [Mon Dec 25 15:28:13 CST 2017]; root of context hierarchy
2017-12-25 15:28:14 [INFO ]-[com.alibaba.druid.pool.DruidDataSource] {dataSource-1} closed
2017-12-25 15:28:46 [INFO ]-[org.springframework.test.context.support.DefaultTestContextBootstrapper] Loaded default TestExecutionListener class names from location [META-INF/spring.factories]: [org.springframework.test.context.web.ServletTestExecutionListener, org.springframework.test.context.support.DirtiesContextBeforeModesTestExecutionListener, org.springframework.test.context.support.DependencyInjectionTestExecutionListener, org.springframework.test.context.support.DirtiesContextTestExecutionListener, org.springframework.test.context.transaction.TransactionalTestExecutionListener, org.springframework.test.context.jdbc.SqlScriptsTestExecutionListener]
2017-12-25 15:28:46 [INFO ]-[org.springframework.test.context.support.DefaultTestContextBootstrapper] Using TestExecutionListeners: [org.springframework.test.context.web.ServletTestExecutionListener@57baeedf, org.springframework.test.context.support.DirtiesContextBeforeModesTestExecutionListener@343f4d3d, org.springframework.test.context.support.DependencyInjectionTestExecutionListener@53b32d7, org.springframework.test.context.support.DirtiesContextTestExecutionListener@5442a311, org.springframework.test.context.transaction.TransactionalTestExecutionListener@548e7350, org.springframework.test.context.jdbc.SqlScriptsTestExecutionListener@1a968a59]
2017-12-25 15:28:46 [INFO ]-[org.springframework.beans.factory.xml.XmlBeanDefinitionReader] Loading XML bean definitions from class path resource [spring-mybatis.xml]
2017-12-25 15:28:46 [INFO ]-[org.springframework.context.support.GenericApplicationContext] Refreshing org.springframework.context.support.GenericApplicationContext@370736d9: startup date [Mon Dec 25 15:28:46 CST 2017]; root of context hierarchy
2017-12-25 15:28:46 [INFO ]-[org.springframework.beans.factory.config.PropertyPlaceholderConfigurer] Loading properties file from class path resource [app-config.properties]
2017-12-25 15:28:46 [INFO ]-[org.springframework.beans.factory.annotation.AutowiredAnnotationBeanPostProcessor] JSR-330 'javax.inject.Inject' annotation found and supported for autowiring
2017-12-25 15:28:46 [INFO ]-[com.alibaba.druid.pool.DruidDataSource] {dataSource-1} inited
2017-12-25 15:28:46 [INFO ]-[org.springframework.context.support.GenericApplicationContext] Closing org.springframework.context.support.GenericApplicationContext@370736d9: startup date [Mon Dec 25 15:28:46 CST 2017]; root of context hierarchy
2017-12-25 15:28:46 [INFO ]-[com.alibaba.druid.pool.DruidDataSource] {dataSource-1} closed
2017-12-25 15:29:43 [INFO ]-[org.springframework.test.context.support.DefaultTestContextBootstrapper] Loaded default TestExecutionListener class names from location [META-INF/spring.factories]: [org.springframework.test.context.web.ServletTestExecutionListener, org.springframework.test.context.support.DirtiesContextBeforeModesTestExecutionListener, org.springframework.test.context.support.DependencyInjectionTestExecutionListener, org.springframework.test.context.support.DirtiesContextTestExecutionListener, org.springframework.test.context.transaction.TransactionalTestExecutionListener, org.springframework.test.context.jdbc.SqlScriptsTestExecutionListener]
2017-12-25 15:29:43 [INFO ]-[org.springframework.test.context.support.DefaultTestContextBootstrapper] Using TestExecutionListeners: [org.springframework.test.context.web.ServletTestExecutionListener@57baeedf, org.springframework.test.context.support.DirtiesContextBeforeModesTestExecutionListener@343f4d3d, org.springframework.test.context.support.DependencyInjectionTestExecutionListener@53b32d7, org.springframework.test.context.support.DirtiesContextTestExecutionListener@5442a311, org.springframework.test.context.transaction.TransactionalTestExecutionListener@548e7350, org.springframework.test.context.jdbc.SqlScriptsTestExecutionListener@1a968a59]
2017-12-25 15:29:43 [INFO ]-[org.springframework.beans.factory.xml.XmlBeanDefinitionReader] Loading XML bean definitions from class path resource [spring-mybatis.xml]
2017-12-25 15:29:43 [INFO ]-[org.springframework.context.support.GenericApplicationContext] Refreshing org.springframework.context.support.GenericApplicationContext@370736d9: startup date [Mon Dec 25 15:29:43 CST 2017]; root of context hierarchy
2017-12-25 15:29:44 [INFO ]-[org.springframework.beans.factory.config.PropertyPlaceholderConfigurer] Loading properties file from class path resource [app-config.properties]
2017-12-25 15:29:44 [INFO ]-[org.springframework.beans.factory.annotation.AutowiredAnnotationBeanPostProcessor] JSR-330 'javax.inject.Inject' annotation found and supported for autowiring
2017-12-25 15:29:44 [INFO ]-[com.alibaba.druid.pool.DruidDataSource] {dataSource-1} inited
2017-12-25 15:29:44 [INFO ]-[org.springframework.context.support.GenericApplicationContext] Closing org.springframework.context.support.GenericApplicationContext@370736d9: startup date [Mon Dec 25 15:29:43 CST 2017]; root of context hierarchy
2017-12-25 15:29:44 [INFO ]-[com.alibaba.druid.pool.DruidDataSource] {dataSource-1} closed
2017-12-25 15:38:10 [INFO ]-[org.springframework.test.context.support.DefaultTestContextBootstrapper] Loaded default TestExecutionListener class names from location [META-INF/spring.factories]: [org.springframework.test.context.web.ServletTestExecutionListener, org.springframework.test.context.support.DirtiesContextBeforeModesTestExecutionListener, org.springframework.test.context.support.DependencyInjectionTestExecutionListener, org.springframework.test.context.support.DirtiesContextTestExecutionListener, org.springframework.test.context.transaction.TransactionalTestExecutionListener, org.springframework.test.context.jdbc.SqlScriptsTestExecutionListener]
2017-12-25 15:38:10 [INFO ]-[org.springframework.test.context.support.DefaultTestContextBootstrapper] Using TestExecutionListeners: [org.springframework.test.context.web.ServletTestExecutionListener@239963d8, org.springframework.test.context.support.DirtiesContextBeforeModesTestExecutionListener@3abbfa04, org.springframework.test.context.support.DependencyInjectionTestExecutionListener@57fffcd7, org.springframework.test.context.support.DirtiesContextTestExecutionListener@31ef45e3, org.springframework.test.context.transaction.TransactionalTestExecutionListener@598067a5, org.springframework.test.context.jdbc.SqlScriptsTestExecutionListener@3c0ecd4b]
2017-12-25 15:38:10 [INFO ]-[org.springframework.beans.factory.xml.XmlBeanDefinitionReader] Loading XML bean definitions from class path resource [spring-mybatis.xml]
2017-12-25 15:38:10 [INFO ]-[org.springframework.context.support.GenericApplicationContext] Refreshing org.springframework.context.support.GenericApplicationContext@3b0143d3: startup date [Mon Dec 25 15:38:10 CST 2017]; root of context hierarchy
2017-12-25 15:38:10 [INFO ]-[org.springframework.beans.factory.annotation.AutowiredAnnotationBeanPostProcessor] JSR-330 'javax.inject.Inject' annotation found and supported for autowiring
2017-12-25 15:38:11 [INFO ]-[com.alibaba.druid.pool.DruidDataSource] {dataSource-1} inited
2017-12-25 15:38:11 [INFO ]-[org.springframework.context.support.GenericApplicationContext] Closing org.springframework.context.support.GenericApplicationContext@3b0143d3: startup date [Mon Dec 25 15:38:10 CST 2017]; root of context hierarchy
2017-12-25 15:38:11 [INFO ]-[com.alibaba.druid.pool.DruidDataSource] {dataSource-1} closed
2017-12-25 15:43:35 [INFO ]-[org.springframework.test.context.support.DefaultTestContextBootstrapper] Loaded default TestExecutionListener class names from location [META-INF/spring.factories]: [org.springframework.test.context.web.ServletTestExecutionListener, org.springframework.test.context.support.DirtiesContextBeforeModesTestExecutionListener, org.springframework.test.context.support.DependencyInjectionTestExecutionListener, org.springframework.test.context.support.DirtiesContextTestExecutionListener, org.springframework.test.context.transaction.TransactionalTestExecutionListener, org.springframework.test.context.jdbc.SqlScriptsTestExecutionListener]
2017-12-25 15:43:35 [INFO ]-[org.springframework.test.context.support.DefaultTestContextBootstrapper] Using TestExecutionListeners: [org.springframework.test.context.web.ServletTestExecutionListener@239963d8, org.springframework.test.context.support.DirtiesContextBeforeModesTestExecutionListener@3abbfa04, org.springframework.test.context.support.DependencyInjectionTestExecutionListener@57fffcd7, org.springframework.test.context.support.DirtiesContextTestExecutionListener@31ef45e3, org.springframework.test.context.transaction.TransactionalTestExecutionListener@598067a5, org.springframework.test.context.jdbc.SqlScriptsTestExecutionListener@3c0ecd4b]
2017-12-25 15:43:35 [INFO ]-[org.springframework.beans.factory.xml.XmlBeanDefinitionReader] Loading XML bean definitions from class path resource [spring-mybatis.xml]
2017-12-25 15:43:35 [INFO ]-[org.springframework.context.support.GenericApplicationContext] Refreshing org.springframework.context.support.GenericApplicationContext@3b0143d3: startup date [Mon Dec 25 15:43:35 CST 2017]; root of context hierarchy
2017-12-25 15:43:35 [INFO ]-[org.springframework.beans.factory.annotation.AutowiredAnnotationBeanPostProcessor] JSR-330 'javax.inject.Inject' annotation found and supported for autowiring
2017-12-25 15:43:35 [INFO ]-[com.alibaba.druid.pool.DruidDataSource] {dataSource-1} inited
2017-12-25 15:43:36 [INFO ]-[org.zsl.testmybatis.TestMyBatis] {"age":24,"id":1,"password":"sfasgfaf","userName":"测试"}
2017-12-25 15:43:36 [INFO ]-[org.springframework.context.support.GenericApplicationContext] Closing org.springframework.context.support.GenericApplicationContext@3b0143d3: startup date [Mon Dec 25 15:43:35 CST 2017]; root of context hierarchy
2017-12-25 15:43:36 [INFO ]-[com.alibaba.druid.pool.DruidDataSource] {dataSource-1} closed
